[skrollex.x40.ru/theme-luiza/index.html]
[backblue.gif]
[fade.gif]
[index.html]
[skrollex.x40.ru/theme-luiza/styles/style.min.css.pagespeed.ce.FfMHpZT7B-.css]
[skrollex.x40.ru/theme-luiza/styles/themes/theme-luiza.min.css]
[skrollex.x40.ru/theme-luiza/xapple-touch-icon.png.pagespeed.ic.YOoazKFRku.png]
[skrollex.x40.ru/theme-luiza/xapple-touch-icon-57x57.png.pagespeed.ic.YOoazKFRku.png]
[skrollex.x40.ru/theme-luiza/xapple-touch-icon-72x72.png.pagespeed.ic._Hb3VEVSsT.png]
[skrollex.x40.ru/theme-luiza/xapple-touch-icon-76x76.png.pagespeed.ic.aHQcVpwegu.png]
[skrollex.x40.ru/theme-luiza/xapple-touch-icon-114x114.png.pagespeed.ic.OTadyB2sp9.png]
[skrollex.x40.ru/theme-luiza/bower_components,_fontawesome,_css,_font-awesome.min.css+bower_components,_animate.css,_animate.min.css+bower_components,_minicolors,_jquery.minicolors.css+b]
[skrollex.x40.ru/theme-luiza/xapple-touch-icon-120x120.png.pagespeed.ic.7zSTu3oYtG.png]
[skrollex.x40.ru/theme-luiza/xapple-touch-icon-144x144.png.pagespeed.ic.vlK9YA03hm.png]
[skrollex.x40.ru/theme-luiza/xapple-touch-icon-152x152.png.pagespeed.ic.QInB54ylua.png]
[skrollex.x40.ru/theme-luiza/images/bg/JohnKraus/x2.jpg.pagespeed.ic.e4C0iuA2XI.jpg]
[skrollex.x40.ru/theme-luiza/blog.html]
[skrollex.x40.ru/theme-luiza/help.html]
[skrollex.x40.ru/theme-luiza/images/bg/JimLukach/x18-edited.jpg.pagespeed.ic.Fvv9-mR9CE.jpg]
[skrollex.x40.ru/theme-luiza/images/bg/JimLukach/x16.jpg.pagespeed.ic.Bk-LJuI63J.jpg]
[skrollex.x40.ru/theme-luiza/images/bg/picjumbo/xpicjumbo.com_IMG_5790.jpg.pagespeed.ic.-6GnBdGGol.jpg]
[skrollex.x40.ru/theme-luiza/images/bg/picjumbo/xpicjumbo.com_IMG_7432.jpg.pagespeed.ic.cpIcT6dfkB.jpg]
[skrollex.x40.ru/theme-luiza/images/bg/pexels/xcoffee-coffee-machine-cup-3042.jpg.pagespeed.ic.iinOkD5qMK.jpg]
[skrollex.x40.ru/theme-luiza/images/our-team/x1.jpg.pagespeed.ic.v4sK-rLmT1.jpg]
[skrollex.x40.ru/theme-luiza/images/our-team/x2.jpg.pagespeed.ic.oNm8YNNhJB.jpg]
[skrollex.x40.ru/theme-luiza/images/our-team/x3.jpg.pagespeed.ic.8pTGh4ZvWr.jpg]
[skrollex.x40.ru/theme-luiza/images/our-team/x4.jpg.pagespeed.ic.tKNhZ5U3wO.jpg]
[skrollex.x40.ru/theme-luiza/images/bg/JimLukach/x69-edited.jpg.pagespeed.ic.Q0BzrD340v.jpg]
[skrollex.x40.ru/theme-luiza/images/bg/pexels/xart-brush-colors-3112.jpg.pagespeed.ic.30PfLS0t8E.jpg]
[skrollex.x40.ru/theme-luiza/images/bg/picjumbo/xpicjumbo.com_IMG_4563.jpg.pagespeed.ic.oCHgL7DAxv.jpg]
[skrollex.x40.ru/theme-luiza/images/bg/picjumbo/xpicjumbo.com_HNCK1805.jpg.pagespeed.ic.98fhUnq0IB.jpg]
[skrollex.x40.ru/theme-luiza/images/portfolio/preview/x1.jpg.pagespeed.ic.tum3bH-7fm.jpg]
[skrollex.x40.ru/theme-luiza/images/portfolio/preview/x2.jpg.pagespeed.ic.yNV-3TUlx6.jpg]
[skrollex.x40.ru/theme-luiza/images/portfolio/preview/x3.jpg.pagespeed.ic.JozmPs1eTq.jpg]
[skrollex.x40.ru/theme-luiza/images/portfolio/preview/x4.jpg.pagespeed.ic.tKrSUE99lv.jpg]
[skrollex.x40.ru/theme-luiza/images/portfolio/preview/x5.jpg.pagespeed.ic.iHLT0hFHkK.jpg]
[skrollex.x40.ru/theme-luiza/images/portfolio/preview/x6.jpg.pagespeed.ic.D_7MujLC-f.jpg]
[skrollex.x40.ru/theme-luiza/images/portfolio/preview/x7.jpg.pagespeed.ic.TghxwcZaAt.jpg]
[skrollex.x40.ru/theme-luiza/images/portfolio/preview/x8.jpg.pagespeed.ic.Gs6av2GIDt.jpg]
[skrollex.x40.ru/theme-luiza/images/portfolio/preview/x9.jpg.pagespeed.ic.B4QP1_Psn8.jpg]
[skrollex.x40.ru/theme-luiza/images/portfolio/preview/x10.jpg.pagespeed.ic.4CBasORq_X.jpg]
[skrollex.x40.ru/theme-luiza/images/portfolio/preview/x11.jpg.pagespeed.ic.DK6lJno4Gb.jpg]
[skrollex.x40.ru/theme-luiza/images/portfolio/preview/x12.jpg.pagespeed.ic.iTE0orlay1.jpg]
[skrollex.x40.ru/theme-luiza/blog-single-1.html]
[skrollex.x40.ru/theme-luiza/blog-single-2.html]
[skrollex.x40.ru/theme-luiza/blog-single-3.html]
[skrollex.x40.ru/theme-luiza/blog-single-4.html]
[farm8.staticflickr.com/7367/12333983853_8fc462a494_q.jpg]
[farm8.staticflickr.com/7325/13090549273_ee5c732ce1_q.jpg]
[farm4.staticflickr.com/3798/12333834195_7dcb472dd5_q.jpg]
[farm3.staticflickr.com/2279/13090422515_cabc9c447c_q.jpg]
[farm4.staticflickr.com/3596/13090762874_5f9d99f4e5_q.jpg]
[farm4.staticflickr.com/3715/13090456565_df81e68627_q.jpg]
[skrollex.x40.ru/theme-luiza/lib/stringencoders-v3.10.3/javascript/base64.js]
[skrollex.x40.ru/theme-luiza/bower_components/less.js/dist/less.min.js.pagespeed.ce.7ZJgNMxB0y.js]
[skrollex.x40.ru/theme-luiza/bower_components,_jquery,_dist,_jquery.min.js+lib,_tween,_tween.min.js.pagespeed.jc.JiAh0FM-RN.js]
[skrollex.x40.ru/theme-luiza/bootstrap,_dist,_js,_bootstrap.min.js+bower_components,_modernizr,_modernizr.js.pagespeed.jc.4CVDUPcXde.js]
[skrollex.x40.ru/theme-luiza/lib/prism/prism.js]
[skrollex.x40.ru/theme-luiza/bower_components/shufflejs,_dist,_jquery.shuffle.min.js+textillate,_assets,_jquery.lettering.js+textillate,_assets,_jquery.fittext.js+textillate,_jquery.text]
[www.google-analytics.com/analytics.js]
[skrollex.x40.ru/theme-luiza/lib,_SmoothScroll-1.2.1,_SmoothScroll.js+bower_components,_jquery-cookie,_jquery.cookie.js+bower_components,_jqBootstrapValidation,_dist,_jqBootstrapValidati]
[skrollex.x40.ru/theme-luiza/index.html]
[skrollex.x40.ru/theme-luiza/scripts/script-bundle.js]
[skrollex.x40.ru/theme-luiza/bower_components/fontawesome/fonts/fontawesome-webfonte0a5.eot]
[skrollex.x40.ru/theme-luiza/bower_components/fontawesome/fonts/fontawesome-webfontd41d.eot]
[skrollex.x40.ru/theme-luiza/bower_components/minicolors/jquery.minicolors.png]
[skrollex.x40.ru/theme-luiza/bower_components/fontawesome/fonts/fontawesome-webfonte0a5.svg]
[skrollex.x40.ru/theme-luiza/bower_components/slick.js/slick/ajax-loader.gif]
[skrollex.x40.ru/theme-luiza/bower_components/slick.js/slick/fonts/slick.eot]
[skrollex.x40.ru/theme-luiza/bower_components/slick.js/slick/fonts/slickd41d.eot]
[skrollex.x40.ru/theme-luiza/bower_components/fontawesome/fonts/fontawesome-webfonte0a5.ttf]
[skrollex.x40.ru/theme-luiza/bower_components/slick.js/slick/fonts/slick.woff]
[skrollex.x40.ru/theme-luiza/bower_components/slick.js/slick/fonts/slick.ttf]
[skrollex.x40.ru/theme-luiza/bower_components/slick.js/slick/fonts/slick.svg]
[skrollex.x40.ru/theme-luiza/bootstrap/dist/fonts/glyphicons-halflings-regular.eot]
[skrollex.x40.ru/theme-luiza/bootstrap/dist/fonts/glyphicons-halflings-regulard41d.eot]
[skrollex.x40.ru/theme-luiza/bootstrap/dist/fonts/glyphicons-halflings-regular.woff]
[skrollex.x40.ru/theme-luiza/bootstrap/dist/fonts/glyphicons-halflings-regular.ttf]
[skrollex.x40.ru/theme-luiza/bower_components,_fontawesome,_css,_font-awesome.min.css+bower_components,_animate.css,_animate.min.css+bower_components,_minicolors,_jquery.minicolors.css+b]
[skrollex.x40.ru/theme-luiza/styles/style.min.css.pagespeed.ce.FfMHpZT7B-.css]
[skrollex.x40.ru/theme-luiza/styles/themes/theme-luiza.min.css]
[skrollex.x40.ru/theme-luiza/bootstrap/dist/fonts/glyphicons-halflings-regular.svg]
[skrollex.x40.ru/theme-luiza/lib/linecons/fonts/linecons.eot]
[skrollex.x40.ru/theme-luiza/favicon.ico]
[skrollex.x40.ru/theme-luiza/images/bg/stocksnap/x37450BE2D6.jpg.pagespeed.ic.-Pug_lH9tL.jpg]
[skrollex.x40.ru/theme-luiza/index-2.html]
[skrollex.x40.ru/theme-luiza/images/blog/848x433/x37.jpg.pagespeed.ic.Df7sSK03T_.jpg]
[skrollex.x40.ru/theme-luiza/images/blog/848x433/x26.jpg.pagespeed.ic.CEav6Nhqud.jpg]
[skrollex.x40.ru/theme-luiza/images/blog/848x433/x32.jpg.pagespeed.ic.HzYGqiBDLP.jpg]
[skrollex.x40.ru/theme-luiza/images/blog/848x433/x39.jpg.pagespeed.ic.jhQHE42boI.jpg]
[skrollex.x40.ru/theme-luiza/blog.html]
[skrollex.x40.ru/theme-luiza/help-layout.html]
[skrollex.x40.ru/theme-luiza/help-colors.html]
[skrollex.x40.ru/theme-luiza/help-video.html]
[skrollex.x40.ru/theme-luiza/help-elements.html]
[skrollex.x40.ru/theme-luiza/help-icons.html]
[skrollex.x40.ru/theme-luiza/images/bg/stocksnap/x219FB68281.jpg.pagespeed.ic.25tgCr_bdK.jpg]
[skrollex.x40.ru/theme-luiza/help.html]
[skrollex.x40.ru/theme-luiza/styles/style.min.css]
[skrollex.x40.ru/theme-luiza/apple-touch-icon.png]
[skrollex.x40.ru/theme-luiza/apple-touch-icon-57x57.png]
[skrollex.x40.ru/theme-luiza/apple-touch-icon-72x72.png]
[skrollex.x40.ru/theme-luiza/apple-touch-icon-76x76.png]
[skrollex.x40.ru/theme-luiza/apple-touch-icon-114x114.png]
[skrollex.x40.ru/theme-luiza/apple-touch-icon-120x120.png]
[skrollex.x40.ru/theme-luiza/apple-touch-icon-144x144.png]
[skrollex.x40.ru/theme-luiza/apple-touch-icon-152x152.png]
[skrollex.x40.ru/theme-luiza/images/bg/JohnKraus/2.jpg]
[skrollex.x40.ru/theme-luiza/lib/tween/tween.min.js]
[skrollex.x40.ru/theme-luiza/bootstrap/dist/js/bootstrap.min.js]
[skrollex.x40.ru/theme-luiza/bower_components/jquery/dist/jquery.min.js]
[skrollex.x40.ru/theme-luiza/lib/SmoothScroll-1.2.1/SmoothScroll.js]
[skrollex.x40.ru/theme-luiza/bower_components/less.js/dist/less.min.js]
[skrollex.x40.ru/theme-luiza/bower_components/minicolors/jquery.minicolors.min.js]
[skrollex.x40.ru/theme-luiza/bower_components/slick.js/slick/slick.min.js]
[skrollex.x40.ru/theme-luiza/bower_components/shufflejs/dist/jquery.shuffle.min.js]
[skrollex.x40.ru/theme-luiza/bower_components/textillate/assets/jquery.lettering.js]
[skrollex.x40.ru/theme-luiza/blog-single-1.html]
[skrollex.x40.ru/theme-luiza/blog-single-2.html]
[skrollex.x40.ru/theme-luiza/blog-single-3.html]
[skrollex.x40.ru/theme-luiza/blog-single-4.html]
[skrollex.x40.ru/theme-luiza/bower_components/fontawesome/fonts/fontawesome-webfonte0a5.html]
[skrollex.x40.ru/theme-luiza/bower_components/fontawesome/fonts/fontawesome-webfonte0a5.svg]
[skrollex.x40.ru/theme-luiza/bower_components/textillate/jquery.textillate.js]
[skrollex.x40.ru/theme-luiza/bower_components/slick.js/slick/fonts/slick.svg]
[skrollex.x40.ru/theme-luiza/bootstrap/dist/fonts/glyphicons-halflings-regular.html]
[skrollex.x40.ru/theme-luiza/bootstrap/dist/fonts/glyphicons-halflings-regular.svg]
[skrollex.x40.ru/theme-luiza/index-2.html]
[skrollex.x40.ru/theme-luiza/images/blog/848x433/x10.jpg.pagespeed.ic.WFTrnReiHS.jpg]
[skrollex.x40.ru/theme-luiza/help-layout-example-1.html]
[skrollex.x40.ru/theme-luiza/help-layout-example-2.html]
[skrollex.x40.ru/theme-luiza/help-layout.html]
[skrollex.x40.ru/theme-luiza/help-layout-example-3.html]
[skrollex.x40.ru/theme-luiza/help-colors-example-1.html]
[skrollex.x40.ru/theme-luiza/customize-mode.html]
[skrollex.x40.ru/theme-luiza/images/help/xcustomize-panel-1.jpg.pagespeed.ic.cFdmXQ6KFz.jpg]
[skrollex.x40.ru/theme-luiza/images/help/xcustomize-panel-2.jpg.pagespeed.ic.P0OmyL-0ch.jpg]
[skrollex.x40.ru/theme-luiza/images/help/xcustomize-panel-3.jpg.pagespeed.ic.QkwmFbcvst.jpg]
[skrollex.x40.ru/theme-luiza/help-colors.html]
[skrollex.x40.ru/theme-luiza/help-video-example-youtube.html]
[skrollex.x40.ru/theme-luiza/help-video-example-vimeo.html]
[skrollex.x40.ru/theme-luiza/help-video.html]
[skrollex.x40.ru/theme-luiza/help-elements.html]
[skrollex.x40.ru/theme-luiza/help-icons.html]
[skrollex.x40.ru/theme-luiza/styles/style.min.css]
[skrollex.x40.ru/theme-luiza/help-video-example-local.html]
[skrollex.x40.ru/theme-luiza/theme-custom.css]
[skrollex.x40.ru/theme-luiza/bower_components/jqBootstrapValidation/dist/jqBootstrapValidation-1.3.7.min.js]
[skrollex.x40.ru/theme-luiza/bower_components/textillate/assets/jquery.fittext.js]
[skrollex.x40.ru/theme-luiza/bower_components/jquery-cookie/jquery.cookie.js]
[skrollex.x40.ru/theme-luiza/bower_components/modernizr/modernizr.js]
[skrollex.x40.ru/theme-luiza/images/placeholders/x1920x1200img1.jpg.pagespeed.ic.gwMA1ADkRn.jpg]
[skrollex.x40.ru/theme-luiza/images/placeholders/x1920x1200img2.jpg.pagespeed.ic.961LIq0-0G.jpg]
[skrollex.x40.ru/theme-luiza/images/placeholders/x1920x1200img3.jpg.pagespeed.ic.jQzwZ4jzSm.jpg]
[skrollex.x40.ru/theme-luiza/bower_components/fontawesome/fonts/fontawesome-webfonte0a5.woff]
[skrollex.x40.ru/theme-luiza/images/placeholders/x1920x1200img4.jpg.pagespeed.ic.6tOPPvSuTH.jpg]
[skrollex.x40.ru/theme-luiza/help-layout-example-1.html]
[skrollex.x40.ru/theme-luiza/help-layout-example-2.html]
[skrollex.x40.ru/theme-luiza/help-layout-example-3.html]
[skrollex.x40.ru/theme-luiza/help-colors-example-1.html]
[skrollex.x40.ru/theme-luiza/customize-mode.html]
[skrollex.x40.ru/theme-luiza/help-video-example-youtube.html]
[skrollex.x40.ru/theme-luiza/help-video-example-vimeo.html]
[skrollex.x40.ru/theme-luiza/help-video-example-local.html]
[skrollex.x40.ru/theme-luiza/theme-custom.css]
[skrollex.x40.ru/theme-luiza/indexcbd6.html]
[skrollex.x40.ru/theme-luiza/indexcbd6.html]
